[debug] [2024-03-18T23:05:45.689Z] ----------------------------------------------------------------------
[debug] [2024-03-18T23:05:45.690Z] Command:       /Users/ramtinkhoee/.nvm/versions/node/v18.17.0/bin/node /Users/ramtinkhoee/.nvm/versions/node/v18.17.0/bin/firebase deploy --only hosting:hed-space
[debug] [2024-03-18T23:05:45.691Z] CLI Version:   12.5.4
[debug] [2024-03-18T23:05:45.691Z] Platform:      darwin
[debug] [2024-03-18T23:05:45.691Z] Node Version:  v18.17.0
[debug] [2024-03-18T23:05:45.692Z] Time:          Mon Mar 18 2024 16:05:45 GMT-0700 (Pacific Daylight Time)
[debug] [2024-03-18T23:05:45.692Z] ----------------------------------------------------------------------
[debug] 
[debug] [2024-03-18T23:05:45.731Z] > command requires scopes: ["email","openid","https://www.googleapis.com/auth/cloudplatformprojects.readonly","https://www.googleapis.com/auth/firebase","https://www.googleapis.com/auth/cloud-platform"]
[debug] [2024-03-18T23:05:45.731Z] > authorizing via signed-in user (rahmteen@heds.io)
[debug] [2024-03-18T23:05:45.731Z] [iam] checking project heds-104d8 for permissions ["firebase.projects.get","firebasehosting.sites.update"]
[debug] [2024-03-18T23:05:45.732Z] >>> [apiv2][query] POST https://cloudresourcemanager.googleapis.com/v1/projects/heds-104d8:testIamPermissions [none]
[debug] [2024-03-18T23:05:45.732Z] >>> [apiv2][(partial)header] POST https://cloudresourcemanager.googleapis.com/v1/projects/heds-104d8:testIamPermissions x-goog-quota-user=projects/heds-104d8
[debug] [2024-03-18T23:05:45.733Z] >>> [apiv2][body] POST https://cloudresourcemanager.googleapis.com/v1/projects/heds-104d8:testIamPermissions {"permissions":["firebase.projects.get","firebasehosting.sites.update"]}
[debug] [2024-03-18T23:05:46.160Z] <<< [apiv2][status] POST https://cloudresourcemanager.googleapis.com/v1/projects/heds-104d8:testIamPermissions 200
[debug] [2024-03-18T23:05:46.161Z] <<< [apiv2][body] POST https://cloudresourcemanager.googleapis.com/v1/projects/heds-104d8:testIamPermissions {"permissions":["firebase.projects.get","firebasehosting.sites.update"]}
[debug] [2024-03-18T23:05:46.162Z] >>> [apiv2][query] GET https://firebase.googleapis.com/v1beta1/projects/heds-104d8 [none]
[debug] [2024-03-18T23:05:46.699Z] <<< [apiv2][status] GET https://firebase.googleapis.com/v1beta1/projects/heds-104d8 200
[debug] [2024-03-18T23:05:46.700Z] <<< [apiv2][body] GET https://firebase.googleapis.com/v1beta1/projects/heds-104d8 {"projectId":"heds-104d8","projectNumber":"559705662876","displayName":"heds","name":"projects/heds-104d8","resources":{"hostingSite":"heds-104d8","storageBucket":"heds-104d8.appspot.com","locationId":"us-central"},"state":"ACTIVE","etag":"1_cc3799ff-3c3d-49ac-a6a2-92963f9737d9"}
[info] 
[info] === Deploying to 'heds-104d8'...
[info] 
[info] i  deploying hosting 
[debug] [2024-03-18T23:05:46.705Z] >>> [apiv2][query] POST https://firebasehosting.googleapis.com/v1beta1/projects/-/sites/hed-space/versions [none]
[debug] [2024-03-18T23:05:46.706Z] >>> [apiv2][body] POST https://firebasehosting.googleapis.com/v1beta1/projects/-/sites/hed-space/versions {"status":"CREATED","labels":{"deployment-tool":"cli-firebase"}}
